<?xml version="1.0" encoding="UTF-8"?>
<testng-results ignored="0" total="1" passed="1" failed="0" skipped="0">
  <reporter-output>
  </reporter-output>
  <suite started-at="2023-05-04T14:55:36 IST" name="Suite" finished-at="2023-05-04T14:57:39 IST" duration-ms="122953">
    <groups>
    </groups>
    <test started-at="2023-05-04T14:55:36 IST" name="Test" finished-at="2023-05-04T14:57:39 IST" duration-ms="122953">
      <class name="com.demowebshop.automation.testscript.TestScript_EndtoEndScript">
        <test-method is-config="true" signature="extantReport()[pri:0, instance:com.demowebshop.automation.testscript.TestScript_EndtoEndScript@2fb3536e]" started-at="2023-05-04T14:55:36 IST" name="extantReport" finished-at="2023-05-04T14:55:37 IST" duration-ms="543" status="PASS">
          <reporter-output>
          </reporter-output>
        </test-method> <!-- extantReport -->
        <test-method is-config="true" signature="openApp(java.lang.String)[pri:0, instance:com.demowebshop.automation.testscript.TestScript_EndtoEndScript@2fb3536e]" started-at="2023-05-04T14:55:37 IST" name="openApp" finished-at="2023-05-04T14:56:50 IST" duration-ms="73231" status="PASS">
          <params>
            <param index="0">
              <value>
                <![CDATA[chrome]]>
              </value>
            </param>
          </params>
          <reporter-output>
          </reporter-output>
        </test-method> <!-- openApp -->
        <test-method signature="systemScript()[pri:0, instance:com.demowebshop.automation.testscript.TestScript_EndtoEndScript@2fb3536e]" started-at="2023-05-04T14:56:50 IST" name="systemScript" finished-at="2023-05-04T14:57:36 IST" duration-ms="45951" status="PASS">
          <reporter-output>
          </reporter-output>
        </test-method> <!-- systemScript -->
        <test-method is-config="true" signature="closeApp()[pri:0, instance:com.demowebshop.automation.testscript.TestScript_EndtoEndScript@2fb3536e]" started-at="2023-05-04T14:57:36 IST" name="closeApp" finished-at="2023-05-04T14:57:37 IST" duration-ms="1458" status="PASS">
          <reporter-output>
          </reporter-output>
        </test-method> <!-- closeApp -->
        <test-method is-config="true" signature="closeReport()[pri:0, instance:com.demowebshop.automation.testscript.TestScript_EndtoEndScript@2fb3536e]" started-at="2023-05-04T14:57:37 IST" name="closeReport" finished-at="2023-05-04T14:57:39 IST" duration-ms="1696" status="PASS">
          <reporter-output>
          </reporter-output>
        </test-method> <!-- closeReport -->
      </class> <!-- com.demowebshop.automation.testscript.TestScript_EndtoEndScript -->
    </test> <!-- Test -->
  </suite> <!-- Suite -->
</testng-results>
